CRITICAL - 2024-07-26 20:32:41 --> ErrorException: Undefined variable $santri
[Method: GET, Route: /]
in APPPATH/Views/welcome_message.php on line 318.
 1 APPPATH/Views/welcome_message.php(318): CodeIgniter\Debug\Exceptions->errorHandler(2, 'Undefined variable $santri', '/home/abukafa/Application/codeigniter-4.5.3/app/Views/welcome_message.php', 318)
 2 SYSTEMPATH/View/View.php(234): include('/home/abukafa/Application/codeigniter-4.5.3/app/Views/welcome_message.php')
 3 SYSTEMPATH/View/View.php(237): CodeIgniter\View\View->CodeIgniter\View\{closure}()
 4 SYSTEMPATH/Common.php(1171): CodeIgniter\View\View->render('welcome_message', [], true)
 5 APPPATH/Controllers/Home.php(14): view('welcome_message', [...])
 6 SYSTEMPATH/CodeIgniter.php(933): App\Controllers\Home->index()
 7 SYSTEMPATH/CodeIgniter.php(509): CodeIgniter\CodeIgniter->runController(Object(App\Controllers\Home))
 8 SYSTEMPATH/CodeIgniter.php(355): CodeIgniter\CodeIgniter->handleRequest(null, Object(Config\Cache), false)
 9 SYSTEMPATH/Boot.php(325): CodeIgniter\CodeIgniter->run()
10 SYSTEMPATH/Boot.php(67): CodeIgniter\Boot::runCodeIgniter(Object(CodeIgniter\CodeIgniter))
11 FCPATH/index.php(56): CodeIgniter\Boot::bootWeb(Object(Config\Paths))
12 SYSTEMPATH/rewrite.php(44): require_once('/home/abukafa/Application/codeigniter-4.5.3/public/index.php')
INFO - 2024-07-26 20:40:22 --> Session: Class initialized using 'CodeIgniter\Session\Handlers\FileHandler' driver.
CRITICAL - 2024-07-26 20:40:23 --> CodeIgniter\View\Exceptions\ViewException: Invalid file: "errors/404.php"
[Method: GET, Route: assets/css/bootstrap.min.css]
in SYSTEMPATH/Exceptions/FrameworkException.php on line 41.
 1 SYSTEMPATH/View/View.php(222): CodeIgniter\Exceptions\FrameworkException::forInvalidFile('errors/404.php')
 2 SYSTEMPATH/Common.php(1171): CodeIgniter\View\View->render('errors/404', [], true)
 3 APPPATH/Config/Routes.php(86): view('errors/404')
 4 SYSTEMPATH/CodeIgniter.php(955): CodeIgniter\Router\RouteCollection->{closure}('Can\'t find a route for \'GET: assets/css/bootstrap.min.css\'.')
 5 SYSTEMPATH/CodeIgniter.php(364): CodeIgniter\CodeIgniter->display404errors(Object(CodeIgniter\Exceptions\PageNotFoundException))
 6 SYSTEMPATH/Boot.php(325): CodeIgniter\CodeIgniter->run()
 7 SYSTEMPATH/Boot.php(67): CodeIgniter\Boot::runCodeIgniter(Object(CodeIgniter\CodeIgniter))
 8 FCPATH/index.php(56): CodeIgniter\Boot::bootWeb(Object(Config\Paths))
 9 SYSTEMPATH/rewrite.php(44): require_once('/home/abukafa/Application/codeigniter-4.5.3/public/index.php')
CRITICAL - 2024-07-26 20:40:23 --> CodeIgniter\View\Exceptions\ViewException: Invalid file: "errors/404.php"
[Method: GET, Route: assets/css/icons.css]
in SYSTEMPATH/Exceptions/FrameworkException.php on line 41.
 1 SYSTEMPATH/View/View.php(222): CodeIgniter\Exceptions\FrameworkException::forInvalidFile('errors/404.php')
 2 SYSTEMPATH/Common.php(1171): CodeIgniter\View\View->render('errors/404', [], true)
 3 APPPATH/Config/Routes.php(86): view('errors/404')
 4 SYSTEMPATH/CodeIgniter.php(955): CodeIgniter\Router\RouteCollection->{closure}('Can\'t find a route for \'GET: assets/css/icons.css\'.')
 5 SYSTEMPATH/CodeIgniter.php(364): CodeIgniter\CodeIgniter->display404errors(Object(CodeIgniter\Exceptions\PageNotFoundException))
 6 SYSTEMPATH/Boot.php(325): CodeIgniter\CodeIgniter->run()
 7 SYSTEMPATH/Boot.php(67): CodeIgniter\Boot::runCodeIgniter(Object(CodeIgniter\CodeIgniter))
 8 FCPATH/index.php(56): CodeIgniter\Boot::bootWeb(Object(Config\Paths))
 9 SYSTEMPATH/rewrite.php(44): require_once('/home/abukafa/Application/codeigniter-4.5.3/public/index.php')
CRITICAL - 2024-07-26 20:40:23 --> CodeIgniter\View\Exceptions\ViewException: Invalid file: "errors/404.php"
[Method: GET, Route: assets/css/style.css]
in SYSTEMPATH/Exceptions/FrameworkException.php on line 41.
 1 SYSTEMPATH/View/View.php(222): CodeIgniter\Exceptions\FrameworkException::forInvalidFile('errors/404.php')
 2 SYSTEMPATH/Common.php(1171): CodeIgniter\View\View->render('errors/404', [], true)
 3 APPPATH/Config/Routes.php(86): view('errors/404')
 4 SYSTEMPATH/CodeIgniter.php(955): CodeIgniter\Router\RouteCollection->{closure}('Can\'t find a route for \'GET: assets/css/style.css\'.')
 5 SYSTEMPATH/CodeIgniter.php(364): CodeIgniter\CodeIgniter->display404errors(Object(CodeIgniter\Exceptions\PageNotFoundException))
 6 SYSTEMPATH/Boot.php(325): CodeIgniter\CodeIgniter->run()
 7 SYSTEMPATH/Boot.php(67): CodeIgniter\Boot::runCodeIgniter(Object(CodeIgniter\CodeIgniter))
 8 FCPATH/index.php(56): CodeIgniter\Boot::bootWeb(Object(Config\Paths))
 9 SYSTEMPATH/rewrite.php(44): require_once('/home/abukafa/Application/codeigniter-4.5.3/public/index.php')
CRITICAL - 2024-07-26 20:40:23 --> CodeIgniter\View\Exceptions\ViewException: Invalid file: "errors/404.php"
[Method: GET, Route: assets/images/default/logo.png]
in SYSTEMPATH/Exceptions/FrameworkException.php on line 41.
 1 SYSTEMPATH/View/View.php(222): CodeIgniter\Exceptions\FrameworkException::forInvalidFile('errors/404.php')
 2 SYSTEMPATH/Common.php(1171): CodeIgniter\View\View->render('errors/404', [], true)
 3 APPPATH/Config/Routes.php(86): view('errors/404')
 4 SYSTEMPATH/CodeIgniter.php(955): CodeIgniter\Router\RouteCollection->{closure}('Can\'t find a route for \'GET: assets/images/default/logo.png\'.')
 5 SYSTEMPATH/CodeIgniter.php(364): CodeIgniter\CodeIgniter->display404errors(Object(CodeIgniter\Exceptions\PageNotFoundException))
 6 SYSTEMPATH/Boot.php(325): CodeIgniter\CodeIgniter->run()
 7 SYSTEMPATH/Boot.php(67): CodeIgniter\Boot::runCodeIgniter(Object(CodeIgniter\CodeIgniter))
 8 FCPATH/index.php(56): CodeIgniter\Boot::bootWeb(Object(Config\Paths))
 9 SYSTEMPATH/rewrite.php(44): require_once('/home/abukafa/Application/codeigniter-4.5.3/public/index.php')
CRITICAL - 2024-07-26 20:40:23 --> CodeIgniter\View\Exceptions\ViewException: Invalid file: "errors/404.php"
[Method: GET, Route: assets/js/popper.min.js]
in SYSTEMPATH/Exceptions/FrameworkException.php on line 41.
 1 SYSTEMPATH/View/View.php(222): CodeIgniter\Exceptions\FrameworkException::forInvalidFile('errors/404.php')
 2 SYSTEMPATH/Common.php(1171): CodeIgniter\View\View->render('errors/404', [], true)
 3 APPPATH/Config/Routes.php(86): view('errors/404')
 4 SYSTEMPATH/CodeIgniter.php(955): CodeIgniter\Router\RouteCollection->{closure}('Can\'t find a route for \'GET: assets/js/popper.min.js\'.')
 5 SYSTEMPATH/CodeIgniter.php(364): CodeIgniter\CodeIgniter->display404errors(Object(CodeIgniter\Exceptions\PageNotFoundException))
 6 SYSTEMPATH/Boot.php(325): CodeIgniter\CodeIgniter->run()
 7 SYSTEMPATH/Boot.php(67): CodeIgniter\Boot::runCodeIgniter(Object(CodeIgniter\CodeIgniter))
 8 FCPATH/index.php(56): CodeIgniter\Boot::bootWeb(Object(Config\Paths))
 9 SYSTEMPATH/rewrite.php(44): require_once('/home/abukafa/Application/codeigniter-4.5.3/public/index.php')
CRITICAL - 2024-07-26 20:40:23 --> CodeIgniter\View\Exceptions\ViewException: Invalid file: "errors/404.php"
[Method: GET, Route: assets/js/bootstrap.min.js]
in SYSTEMPATH/Exceptions/FrameworkException.php on line 41.
 1 SYSTEMPATH/View/View.php(222): CodeIgniter\Exceptions\FrameworkException::forInvalidFile('errors/404.php')
 2 SYSTEMPATH/Common.php(1171): CodeIgniter\View\View->render('errors/404', [], true)
 3 APPPATH/Config/Routes.php(86): view('errors/404')
 4 SYSTEMPATH/CodeIgniter.php(955): CodeIgniter\Router\RouteCollection->{closure}('Can\'t find a route for \'GET: assets/js/bootstrap.min.js\'.')
 5 SYSTEMPATH/CodeIgniter.php(364): CodeIgniter\CodeIgniter->display404errors(Object(CodeIgniter\Exceptions\PageNotFoundException))
 6 SYSTEMPATH/Boot.php(325): CodeIgniter\CodeIgniter->run()
 7 SYSTEMPATH/Boot.php(67): CodeIgniter\Boot::runCodeIgniter(Object(CodeIgniter\CodeIgniter))
 8 FCPATH/index.php(56): CodeIgniter\Boot::bootWeb(Object(Config\Paths))
 9 SYSTEMPATH/rewrite.php(44): require_once('/home/abukafa/Application/codeigniter-4.5.3/public/index.php')
CRITICAL - 2024-07-26 20:40:23 --> CodeIgniter\View\Exceptions\ViewException: Invalid file: "errors/404.php"
[Method: GET, Route: assets/js/modernizr.min.js]
in SYSTEMPATH/Exceptions/FrameworkException.php on line 41.
 1 SYSTEMPATH/View/View.php(222): CodeIgniter\Exceptions\FrameworkException::forInvalidFile('errors/404.php')
 2 SYSTEMPATH/Common.php(1171): CodeIgniter\View\View->render('errors/404', [], true)
 3 APPPATH/Config/Routes.php(86): view('errors/404')
 4 SYSTEMPATH/CodeIgniter.php(955): CodeIgniter\Router\RouteCollection->{closure}('Can\'t find a route for \'GET: assets/js/modernizr.min.js\'.')
 5 SYSTEMPATH/CodeIgniter.php(364): CodeIgniter\CodeIgniter->display404errors(Object(CodeIgniter\Exceptions\PageNotFoundException))
 6 SYSTEMPATH/Boot.php(325): CodeIgniter\CodeIgniter->run()
 7 SYSTEMPATH/Boot.php(67): CodeIgniter\Boot::runCodeIgniter(Object(CodeIgniter\CodeIgniter))
 8 FCPATH/index.php(56): CodeIgniter\Boot::bootWeb(Object(Config\Paths))
 9 SYSTEMPATH/rewrite.php(44): require_once('/home/abukafa/Application/codeigniter-4.5.3/public/index.php')
CRITICAL - 2024-07-26 20:40:23 --> CodeIgniter\View\Exceptions\ViewException: Invalid file: "errors/404.php"
[Method: GET, Route: assets/js/detect.js]
in SYSTEMPATH/Exceptions/FrameworkException.php on line 41.
 1 SYSTEMPATH/View/View.php(222): CodeIgniter\Exceptions\FrameworkException::forInvalidFile('errors/404.php')
 2 SYSTEMPATH/Common.php(1171): CodeIgniter\View\View->render('errors/404', [], true)
 3 APPPATH/Config/Routes.php(86): view('errors/404')
 4 SYSTEMPATH/CodeIgniter.php(955): CodeIgniter\Router\RouteCollection->{closure}('Can\'t find a route for \'GET: assets/js/detect.js\'.')
 5 SYSTEMPATH/CodeIgniter.php(364): CodeIgniter\CodeIgniter->display404errors(Object(CodeIgniter\Exceptions\PageNotFoundException))
 6 SYSTEMPATH/Boot.php(325): CodeIgniter\CodeIgniter->run()
 7 SYSTEMPATH/Boot.php(67): CodeIgniter\Boot::runCodeIgniter(Object(CodeIgniter\CodeIgniter))
 8 FCPATH/index.php(56): CodeIgniter\Boot::bootWeb(Object(Config\Paths))
 9 SYSTEMPATH/rewrite.php(44): require_once('/home/abukafa/Application/codeigniter-4.5.3/public/index.php')
CRITICAL - 2024-07-26 20:40:23 --> CodeIgniter\View\Exceptions\ViewException: Invalid file: "errors/404.php"
[Method: GET, Route: assets/js/fastclick.js]
in SYSTEMPATH/Exceptions/FrameworkException.php on line 41.
 1 SYSTEMPATH/View/View.php(222): CodeIgniter\Exceptions\FrameworkException::forInvalidFile('errors/404.php')
 2 SYSTEMPATH/Common.php(1171): CodeIgniter\View\View->render('errors/404', [], true)
 3 APPPATH/Config/Routes.php(86): view('errors/404')
 4 SYSTEMPATH/CodeIgniter.php(955): CodeIgniter\Router\RouteCollection->{closure}('Can\'t find a route for \'GET: assets/js/fastclick.js\'.')
 5 SYSTEMPATH/CodeIgniter.php(364): CodeIgniter\CodeIgniter->display404errors(Object(CodeIgniter\Exceptions\PageNotFoundException))
 6 SYSTEMPATH/Boot.php(325): CodeIgniter\CodeIgniter->run()
 7 SYSTEMPATH/Boot.php(67): CodeIgniter\Boot::runCodeIgniter(Object(CodeIgniter\CodeIgniter))
 8 FCPATH/index.php(56): CodeIgniter\Boot::bootWeb(Object(Config\Paths))
 9 SYSTEMPATH/rewrite.php(44): require_once('/home/abukafa/Application/codeigniter-4.5.3/public/index.php')
CRITICAL - 2024-07-26 20:40:23 --> CodeIgniter\View\Exceptions\ViewException: Invalid file: "errors/404.php"
[Method: GET, Route: assets/js/jquery.slimscroll.js]
in SYSTEMPATH/Exceptions/FrameworkException.php on line 41.
 1 SYSTEMPATH/View/View.php(222): CodeIgniter\Exceptions\FrameworkException::forInvalidFile('errors/404.php')
 2 SYSTEMPATH/Common.php(1171): CodeIgniter\View\View->render('errors/404', [], true)
 3 APPPATH/Config/Routes.php(86): view('errors/404')
 4 SYSTEMPATH/CodeIgniter.php(955): CodeIgniter\Router\RouteCollection->{closure}('Can\'t find a route for \'GET: assets/js/jquery.slimscroll.js\'.')
 5 SYSTEMPATH/CodeIgniter.php(364): CodeIgniter\CodeIgniter->display404errors(Object(CodeIgniter\Exceptions\PageNotFoundException))
 6 SYSTEMPATH/Boot.php(325): CodeIgniter\CodeIgniter->run()
 7 SYSTEMPATH/Boot.php(67): CodeIgniter\Boot::runCodeIgniter(Object(CodeIgniter\CodeIgniter))
 8 FCPATH/index.php(56): CodeIgniter\Boot::bootWeb(Object(Config\Paths))
 9 SYSTEMPATH/rewrite.php(44): require_once('/home/abukafa/Application/codeigniter-4.5.3/public/index.php')
CRITICAL - 2024-07-26 20:40:23 --> CodeIgniter\View\Exceptions\ViewException: Invalid file: "errors/404.php"
[Method: GET, Route: assets/js/jquery.blockUI.js]
in SYSTEMPATH/Exceptions/FrameworkException.php on line 41.
 1 SYSTEMPATH/View/View.php(222): CodeIgniter\Exceptions\FrameworkException::forInvalidFile('errors/404.php')
 2 SYSTEMPATH/Common.php(1171): CodeIgniter\View\View->render('errors/404', [], true)
 3 APPPATH/Config/Routes.php(86): view('errors/404')
 4 SYSTEMPATH/CodeIgniter.php(955): CodeIgniter\Router\RouteCollection->{closure}('Can\'t find a route for \'GET: assets/js/jquery.blockUI.js\'.')
 5 SYSTEMPATH/CodeIgniter.php(364): CodeIgniter\CodeIgniter->display404errors(Object(CodeIgniter\Exceptions\PageNotFoundException))
 6 SYSTEMPATH/Boot.php(325): CodeIgniter\CodeIgniter->run()
 7 SYSTEMPATH/Boot.php(67): CodeIgniter\Boot::runCodeIgniter(Object(CodeIgniter\CodeIgniter))
 8 FCPATH/index.php(56): CodeIgniter\Boot::bootWeb(Object(Config\Paths))
 9 SYSTEMPATH/rewrite.php(44): require_once('/home/abukafa/Application/codeigniter-4.5.3/public/index.php')
CRITICAL - 2024-07-26 20:40:23 --> CodeIgniter\View\Exceptions\ViewException: Invalid file: "errors/404.php"
[Method: GET, Route: assets/js/waves.js]
in SYSTEMPATH/Exceptions/FrameworkException.php on line 41.
 1 SYSTEMPATH/View/View.php(222): CodeIgniter\Exceptions\FrameworkException::forInvalidFile('errors/404.php')
 2 SYSTEMPATH/Common.php(1171): CodeIgniter\View\View->render('errors/404', [], true)
 3 APPPATH/Config/Routes.php(86): view('errors/404')
 4 SYSTEMPATH/CodeIgniter.php(955): CodeIgniter\Router\RouteCollection->{closure}('Can\'t find a route for \'GET: assets/js/waves.js\'.')
 5 SYSTEMPATH/CodeIgniter.php(364): CodeIgniter\CodeIgniter->display404errors(Object(CodeIgniter\Exceptions\PageNotFoundException))
 6 SYSTEMPATH/Boot.php(325): CodeIgniter\CodeIgniter->run()
 7 SYSTEMPATH/Boot.php(67): CodeIgniter\Boot::runCodeIgniter(Object(CodeIgniter\CodeIgniter))
 8 FCPATH/index.php(56): CodeIgniter\Boot::bootWeb(Object(Config\Paths))
 9 SYSTEMPATH/rewrite.php(44): require_once('/home/abukafa/Application/codeigniter-4.5.3/public/index.php')
CRITICAL - 2024-07-26 20:40:23 --> CodeIgniter\View\Exceptions\ViewException: Invalid file: "errors/404.php"
[Method: GET, Route: assets/js/jquery.nicescroll.js]
in SYSTEMPATH/Exceptions/FrameworkException.php on line 41.
 1 SYSTEMPATH/View/View.php(222): CodeIgniter\Exceptions\FrameworkException::forInvalidFile('errors/404.php')
 2 SYSTEMPATH/Common.php(1171): CodeIgniter\View\View->render('errors/404', [], true)
 3 APPPATH/Config/Routes.php(86): view('errors/404')
 4 SYSTEMPATH/CodeIgniter.php(955): CodeIgniter\Router\RouteCollection->{closure}('Can\'t find a route for \'GET: assets/js/jquery.nicescroll.js\'.')
 5 SYSTEMPATH/CodeIgniter.php(364): CodeIgniter\CodeIgniter->display404errors(Object(CodeIgniter\Exceptions\PageNotFoundException))
 6 SYSTEMPATH/Boot.php(325): CodeIgniter\CodeIgniter->run()
 7 SYSTEMPATH/Boot.php(67): CodeIgniter\Boot::runCodeIgniter(Object(CodeIgniter\CodeIgniter))
 8 FCPATH/index.php(56): CodeIgniter\Boot::bootWeb(Object(Config\Paths))
 9 SYSTEMPATH/rewrite.php(44): require_once('/home/abukafa/Application/codeigniter-4.5.3/public/index.php')
CRITICAL - 2024-07-26 20:40:23 --> CodeIgniter\View\Exceptions\ViewException: Invalid file: "errors/404.php"
[Method: GET, Route: assets/js/jquery.scrollTo.min.js]
in SYSTEMPATH/Exceptions/FrameworkException.php on line 41.
 1 SYSTEMPATH/View/View.php(222): CodeIgniter\Exceptions\FrameworkException::forInvalidFile('errors/404.php')
 2 SYSTEMPATH/Common.php(1171): CodeIgniter\View\View->render('errors/404', [], true)
 3 APPPATH/Config/Routes.php(86): view('errors/404')
 4 SYSTEMPATH/CodeIgniter.php(955): CodeIgniter\Router\RouteCollection->{closure}('Can\'t find a route for \'GET: assets/js/jquery.scrollTo.min.js\'.')
 5 SYSTEMPATH/CodeIgniter.php(364): CodeIgniter\CodeIgniter->display404errors(Object(CodeIgniter\Exceptions\PageNotFoundException))
 6 SYSTEMPATH/Boot.php(325): CodeIgniter\CodeIgniter->run()
 7 SYSTEMPATH/Boot.php(67): CodeIgniter\Boot::runCodeIgniter(Object(CodeIgniter\CodeIgniter))
 8 FCPATH/index.php(56): CodeIgniter\Boot::bootWeb(Object(Config\Paths))
 9 SYSTEMPATH/rewrite.php(44): require_once('/home/abukafa/Application/codeigniter-4.5.3/public/index.php')
CRITICAL - 2024-07-26 20:40:23 --> CodeIgniter\View\Exceptions\ViewException: Invalid file: "errors/404.php"
[Method: GET, Route: assets/js/app.js]
in SYSTEMPATH/Exceptions/FrameworkException.php on line 41.
 1 SYSTEMPATH/View/View.php(222): CodeIgniter\Exceptions\FrameworkException::forInvalidFile('errors/404.php')
 2 SYSTEMPATH/Common.php(1171): CodeIgniter\View\View->render('errors/404', [], true)
 3 APPPATH/Config/Routes.php(86): view('errors/404')
 4 SYSTEMPATH/CodeIgniter.php(955): CodeIgniter\Router\RouteCollection->{closure}('Can\'t find a route for \'GET: assets/js/app.js\'.')
 5 SYSTEMPATH/CodeIgniter.php(364): CodeIgniter\CodeIgniter->display404errors(Object(CodeIgniter\Exceptions\PageNotFoundException))
 6 SYSTEMPATH/Boot.php(325): CodeIgniter\CodeIgniter->run()
 7 SYSTEMPATH/Boot.php(67): CodeIgniter\Boot::runCodeIgniter(Object(CodeIgniter\CodeIgniter))
 8 FCPATH/index.php(56): CodeIgniter\Boot::bootWeb(Object(Config\Paths))
 9 SYSTEMPATH/rewrite.php(44): require_once('/home/abukafa/Application/codeigniter-4.5.3/public/index.php')
CRITICAL - 2024-07-26 20:40:23 --> CodeIgniter\View\Exceptions\ViewException: Invalid file: "errors/404.php"
[Method: GET, Route: assets/images/default/logo.png]
in SYSTEMPATH/Exceptions/FrameworkException.php on line 41.
 1 SYSTEMPATH/View/View.php(222): CodeIgniter\Exceptions\FrameworkException::forInvalidFile('errors/404.php')
 2 SYSTEMPATH/Common.php(1171): CodeIgniter\View\View->render('errors/404', [], true)
 3 APPPATH/Config/Routes.php(86): view('errors/404')
 4 SYSTEMPATH/CodeIgniter.php(955): CodeIgniter\Router\RouteCollection->{closure}('Can\'t find a route for \'GET: assets/images/default/logo.png\'.')
 5 SYSTEMPATH/CodeIgniter.php(364): CodeIgniter\CodeIgniter->display404errors(Object(CodeIgniter\Exceptions\PageNotFoundException))
 6 SYSTEMPATH/Boot.php(325): CodeIgniter\CodeIgniter->run()
 7 SYSTEMPATH/Boot.php(67): CodeIgniter\Boot::runCodeIgniter(Object(CodeIgniter\CodeIgniter))
 8 FCPATH/index.php(56): CodeIgniter\Boot::bootWeb(Object(Config\Paths))
 9 SYSTEMPATH/rewrite.php(44): require_once('/home/abukafa/Application/codeigniter-4.5.3/public/index.php')
INFO - 2024-07-26 20:41:05 --> Session: Class initialized using 'CodeIgniter\Session\Handlers\FileHandler' driver.
INFO - 2024-07-26 20:41:46 --> Session: Class initialized using 'CodeIgniter\Session\Handlers\FileHandler' driver.
INFO - 2024-07-26 20:41:46 --> Session: Class initialized using 'CodeIgniter\Session\Handlers\FileHandler' driver.
INFO - 2024-07-26 20:45:30 --> Session: Class initialized using 'CodeIgniter\Session\Handlers\FileHandler' driver.
INFO - 2024-07-26 20:45:31 --> Session: Class initialized using 'CodeIgniter\Session\Handlers\FileHandler' driver.
CRITICAL - 2024-07-26 20:45:31 --> TypeError: CodeIgniter\Database\BaseBuilder::distinct(): Argument #1 ($val) must be of type bool, string given, called in /home/abukafa/Application/codeigniter-4.5.3/system/Model.php on line 930
[Method: GET, Route: /]
in SYSTEMPATH/Database/BaseBuilder.php on line 558.
 1 SYSTEMPATH/Model.php(930): CodeIgniter\Database\BaseBuilder->distinct('jenis')
 2 APPPATH/Controllers/Home.php(29): CodeIgniter\Model->__call('distinct', [...])
 3 SYSTEMPATH/CodeIgniter.php(933): App\Controllers\Home->index()
 4 SYSTEMPATH/CodeIgniter.php(509): CodeIgniter\CodeIgniter->runController(Object(App\Controllers\Home))
 5 SYSTEMPATH/CodeIgniter.php(355): CodeIgniter\CodeIgniter->handleRequest(null, Object(Config\Cache), false)
 6 SYSTEMPATH/Boot.php(325): CodeIgniter\CodeIgniter->run()
 7 SYSTEMPATH/Boot.php(67): CodeIgniter\Boot::runCodeIgniter(Object(CodeIgniter\CodeIgniter))
 8 FCPATH/index.php(56): CodeIgniter\Boot::bootWeb(Object(Config\Paths))
 9 SYSTEMPATH/rewrite.php(44): require_once('/home/abukafa/Application/codeigniter-4.5.3/public/index.php')
INFO - 2024-07-26 20:54:11 --> Session: Class initialized using 'CodeIgniter\Session\Handlers\FileHandler' driver.
CRITICAL - 2024-07-26 20:54:11 --> TypeError: CodeIgniter\Database\BaseBuilder::where(): Argument #3 ($escape) must be of type ?bool, string given, called in /home/abukafa/Application/codeigniter-4.5.3/system/Model.php on line 930
[Method: GET, Route: /]
in SYSTEMPATH/Database/BaseBuilder.php on line 707.
 1 SYSTEMPATH/Model.php(930): CodeIgniter\Database\BaseBuilder->where('status_santri <> ', 'Suspend', 'acc', true)
 2 APPPATH/Controllers/Home.php(38): CodeIgniter\Model->__call('where', [...])
 3 SYSTEMPATH/CodeIgniter.php(933): App\Controllers\Home->index()
 4 SYSTEMPATH/CodeIgniter.php(509): CodeIgniter\CodeIgniter->runController(Object(App\Controllers\Home))
 5 SYSTEMPATH/CodeIgniter.php(355): CodeIgniter\CodeIgniter->handleRequest(null, Object(Config\Cache), false)
 6 SYSTEMPATH/Boot.php(325): CodeIgniter\CodeIgniter->run()
 7 SYSTEMPATH/Boot.php(67): CodeIgniter\Boot::runCodeIgniter(Object(CodeIgniter\CodeIgniter))
 8 FCPATH/index.php(56): CodeIgniter\Boot::bootWeb(Object(Config\Paths))
 9 SYSTEMPATH/rewrite.php(44): require_once('/home/abukafa/Application/codeigniter-4.5.3/public/index.php')
INFO - 2024-07-26 20:54:13 --> Session: Class initialized using 'CodeIgniter\Session\Handlers\FileHandler' driver.
CRITICAL - 2024-07-26 20:54:13 --> TypeError: CodeIgniter\Database\BaseBuilder::where(): Argument #3 ($escape) must be of type ?bool, string given, called in /home/abukafa/Application/codeigniter-4.5.3/system/Model.php on line 930
[Method: GET, Route: /]
in SYSTEMPATH/Database/BaseBuilder.php on line 707.
 1 SYSTEMPATH/Model.php(930): CodeIgniter\Database\BaseBuilder->where('status_santri <> ', 'Suspend', 'acc', true)
 2 APPPATH/Controllers/Home.php(38): CodeIgniter\Model->__call('where', [...])
 3 SYSTEMPATH/CodeIgniter.php(933): App\Controllers\Home->index()
 4 SYSTEMPATH/CodeIgniter.php(509): CodeIgniter\CodeIgniter->runController(Object(App\Controllers\Home))
 5 SYSTEMPATH/CodeIgniter.php(355): CodeIgniter\CodeIgniter->handleRequest(null, Object(Config\Cache), false)
 6 SYSTEMPATH/Boot.php(325): CodeIgniter\CodeIgniter->run()
 7 SYSTEMPATH/Boot.php(67): CodeIgniter\Boot::runCodeIgniter(Object(CodeIgniter\CodeIgniter))
 8 FCPATH/index.php(56): CodeIgniter\Boot::bootWeb(Object(Config\Paths))
 9 SYSTEMPATH/rewrite.php(44): require_once('/home/abukafa/Application/codeigniter-4.5.3/public/index.php')
INFO - 2024-07-26 20:56:56 --> Session: Class initialized using 'CodeIgniter\Session\Handlers\FileHandler' driver.
CRITICAL - 2024-07-26 20:56:56 --> Error: Call to undefined function uploaded()
[Method: GET, Route: /]
in APPPATH/Views/office/beranda.php on line 225.
 1 SYSTEMPATH/View/View.php(234): include()
 2 SYSTEMPATH/View/View.php(237): CodeIgniter\View\View->CodeIgniter\View\{closure}()
 3 SYSTEMPATH/Common.php(1171): CodeIgniter\View\View->render('office/beranda', [], true)
 4 APPPATH/Controllers/Home.php(46): view('office/beranda', [...])
 5 SYSTEMPATH/CodeIgniter.php(933): App\Controllers\Home->index()
 6 SYSTEMPATH/CodeIgniter.php(509): CodeIgniter\CodeIgniter->runController(Object(App\Controllers\Home))
 7 SYSTEMPATH/CodeIgniter.php(355): CodeIgniter\CodeIgniter->handleRequest(null, Object(Config\Cache), false)
 8 SYSTEMPATH/Boot.php(325): CodeIgniter\CodeIgniter->run()
 9 SYSTEMPATH/Boot.php(67): CodeIgniter\Boot::runCodeIgniter(Object(CodeIgniter\CodeIgniter))
10 FCPATH/index.php(56): CodeIgniter\Boot::bootWeb(Object(Config\Paths))
11 SYSTEMPATH/rewrite.php(44): require_once('/home/abukafa/Application/codeigniter-4.5.3/public/index.php')
INFO - 2024-07-26 20:59:10 --> Session: Class initialized using 'CodeIgniter\Session\Handlers\FileHandler' driver.
INFO - 2024-07-26 20:59:16 --> Session: Class initialized using 'CodeIgniter\Session\Handlers\FileHandler' driver.
CRITICAL - 2024-07-26 20:59:19 --> CodeIgniter\Filters\Exceptions\FilterException: "admin" filter must have a matching alias defined.
[Method: GET, Route: pengurus]
in SYSTEMPATH/Filters/Filters.php on line 495.
 1 SYSTEMPATH/Filters/Filters.php(495): CodeIgniter\Filters\Exceptions\FilterException::forNoAlias('admin')
 2 SYSTEMPATH/Filters/Filters.php(547): CodeIgniter\Filters\Filters->enableFilter('admin', 'before')
 3 SYSTEMPATH/CodeIgniter.php(469): CodeIgniter\Filters\Filters->enableFilters([...], 'before')
 4 SYSTEMPATH/CodeIgniter.php(355): CodeIgniter\CodeIgniter->handleRequest(null, Object(Config\Cache), false)
 5 SYSTEMPATH/Boot.php(325): CodeIgniter\CodeIgniter->run()
 6 SYSTEMPATH/Boot.php(67): CodeIgniter\Boot::runCodeIgniter(Object(CodeIgniter\CodeIgniter))
 7 FCPATH/index.php(56): CodeIgniter\Boot::bootWeb(Object(Config\Paths))
 8 SYSTEMPATH/rewrite.php(44): require_once('/home/abukafa/Application/codeigniter-4.5.3/public/index.php')
INFO - 2024-07-26 20:59:23 --> Session: Class initialized using 'CodeIgniter\Session\Handlers\FileHandler' driver.
INFO - 2024-07-26 20:59:25 --> Session: Class initialized using 'CodeIgniter\Session\Handlers\FileHandler' driver.
INFO - 2024-07-26 21:00:51 --> Session: Class initialized using 'CodeIgniter\Session\Handlers\FileHandler' driver.
CRITICAL - 2024-07-26 21:00:54 --> CodeIgniter\Filters\Exceptions\FilterException: "admin" filter must have a matching alias defined.
[Method: GET, Route: pengurus]
in SYSTEMPATH/Filters/Filters.php on line 495.
 1 SYSTEMPATH/Filters/Filters.php(495): CodeIgniter\Filters\Exceptions\FilterException::forNoAlias('admin')
 2 SYSTEMPATH/Filters/Filters.php(547): CodeIgniter\Filters\Filters->enableFilter('admin', 'before')
 3 SYSTEMPATH/CodeIgniter.php(469): CodeIgniter\Filters\Filters->enableFilters([...], 'before')
 4 SYSTEMPATH/CodeIgniter.php(355): CodeIgniter\CodeIgniter->handleRequest(null, Object(Config\Cache), false)
 5 SYSTEMPATH/Boot.php(325): CodeIgniter\CodeIgniter->run()
 6 SYSTEMPATH/Boot.php(67): CodeIgniter\Boot::runCodeIgniter(Object(CodeIgniter\CodeIgniter))
 7 FCPATH/index.php(56): CodeIgniter\Boot::bootWeb(Object(Config\Paths))
 8 SYSTEMPATH/rewrite.php(44): require_once('/home/abukafa/Application/codeigniter-4.5.3/public/index.php')
CRITICAL - 2024-07-26 21:11:33 --> Error: Class "Config\Admin" not found
[Method: GET, Route: pengurus]
in SYSTEMPATH/Filters/Filters.php on line 197.
 1 SYSTEMPATH/Filters/Filters.php(184): CodeIgniter\Filters\Filters->runBefore([...])
 2 SYSTEMPATH/CodeIgniter.php(481): CodeIgniter\Filters\Filters->run('pengurus', 'before')
 3 SYSTEMPATH/CodeIgniter.php(355): CodeIgniter\CodeIgniter->handleRequest(null, Object(Config\Cache), false)
 4 SYSTEMPATH/Boot.php(325): CodeIgniter\CodeIgniter->run()
 5 SYSTEMPATH/Boot.php(67): CodeIgniter\Boot::runCodeIgniter(Object(CodeIgniter\CodeIgniter))
 6 FCPATH/index.php(56): CodeIgniter\Boot::bootWeb(Object(Config\Paths))
 7 SYSTEMPATH/rewrite.php(44): require_once('/home/abukafa/Application/codeigniter-4.5.3/public/index.php')
INFO - 2024-07-26 21:11:46 --> Session: Class initialized using 'CodeIgniter\Session\Handlers\FileHandler' driver.
INFO - 2024-07-26 21:11:51 --> Session: Class initialized using 'CodeIgniter\Session\Handlers\FileHandler' driver.
INFO - 2024-07-26 21:11:59 --> Session: Class initialized using 'CodeIgniter\Session\Handlers\FileHandler' driver.
INFO - 2024-07-26 21:12:05 --> Session: Class initialized using 'CodeIgniter\Session\Handlers\FileHandler' driver.
INFO - 2024-07-26 21:12:09 --> Session: Class initialized using 'CodeIgniter\Session\Handlers\FileHandler' driver.
CRITICAL - 2024-07-26 21:12:09 --> TypeError: CodeIgniter\Database\BaseBuilder::distinct(): Argument #1 ($val) must be of type bool, string given, called in /home/abukafa/Application/codeigniter-4.5.3/system/Model.php on line 930
[Method: GET, Route: absensi/Jun-2024]
in SYSTEMPATH/Database/BaseBuilder.php on line 558.
 1 SYSTEMPATH/Model.php(930): CodeIgniter\Database\BaseBuilder->distinct('laznah')
 2 APPPATH/Controllers/OfficeAbsensi.php(33): CodeIgniter\Model->__call('distinct', [...])
 3 SYSTEMPATH/CodeIgniter.php(933): App\Controllers\OfficeAbsensi->index('Jun-2024')
 4 SYSTEMPATH/CodeIgniter.php(509): CodeIgniter\CodeIgniter->runController(Object(App\Controllers\OfficeAbsensi))
 5 SYSTEMPATH/CodeIgniter.php(355): CodeIgniter\CodeIgniter->handleRequest(null, Object(Config\Cache), false)
 6 SYSTEMPATH/Boot.php(325): CodeIgniter\CodeIgniter->run()
 7 SYSTEMPATH/Boot.php(67): CodeIgniter\Boot::runCodeIgniter(Object(CodeIgniter\CodeIgniter))
 8 FCPATH/index.php(56): CodeIgniter\Boot::bootWeb(Object(Config\Paths))
 9 SYSTEMPATH/rewrite.php(44): require_once('/home/abukafa/Application/codeigniter-4.5.3/public/index.php')
INFO - 2024-07-26 21:12:16 --> Session: Class initialized using 'CodeIgniter\Session\Handlers\FileHandler' driver.
INFO - 2024-07-26 21:12:20 --> Session: Class initialized using 'CodeIgniter\Session\Handlers\FileHandler' driver.
INFO - 2024-07-26 21:12:30 --> Session: Class initialized using 'CodeIgniter\Session\Handlers\FileHandler' driver.
INFO - 2024-07-26 21:12:46 --> Session: Class initialized using 'CodeIgniter\Session\Handlers\FileHandler' driver.
INFO - 2024-07-26 21:13:02 --> Session: Class initialized using 'CodeIgniter\Session\Handlers\FileHandler' driver.
INFO - 2024-07-26 21:13:30 --> Session: Class initialized using 'CodeIgniter\Session\Handlers\FileHandler' driver.
INFO - 2024-07-26 21:13:39 --> Session: Class initialized using 'CodeIgniter\Session\Handlers\FileHandler' driver.
INFO - 2024-07-26 21:13:41 --> Session: Class initialized using 'CodeIgniter\Session\Handlers\FileHandler' driver.
INFO - 2024-07-26 21:13:46 --> Session: Class initialized using 'CodeIgniter\Session\Handlers\FileHandler' driver.
INFO - 2024-07-26 21:13:47 --> Session: Class initialized using 'CodeIgniter\Session\Handlers\FileHandler' driver.
INFO - 2024-07-26 21:13:51 --> Session: Class initialized using 'CodeIgniter\Session\Handlers\FileHandler' driver.
INFO - 2024-07-26 21:14:04 --> Session: Class initialized using 'CodeIgniter\Session\Handlers\FileHandler' driver.
CRITICAL - 2024-07-26 21:14:04 --> TypeError: CodeIgniter\Database\BaseBuilder::distinct(): Argument #1 ($val) must be of type bool, string given, called in /home/abukafa/Application/codeigniter-4.5.3/system/Model.php on line 930
[Method: GET, Route: absensi/Jun-2024]
in SYSTEMPATH/Database/BaseBuilder.php on line 558.
 1 SYSTEMPATH/Model.php(930): CodeIgniter\Database\BaseBuilder->distinct('laznah')
 2 APPPATH/Controllers/OfficeAbsensi.php(33): CodeIgniter\Model->__call('distinct', [...])
 3 SYSTEMPATH/CodeIgniter.php(933): App\Controllers\OfficeAbsensi->index('Jun-2024')
 4 SYSTEMPATH/CodeIgniter.php(509): CodeIgniter\CodeIgniter->runController(Object(App\Controllers\OfficeAbsensi))
 5 SYSTEMPATH/CodeIgniter.php(355): CodeIgniter\CodeIgniter->handleRequest(null, Object(Config\Cache), false)
 6 SYSTEMPATH/Boot.php(325): CodeIgniter\CodeIgniter->run()
 7 SYSTEMPATH/Boot.php(67): CodeIgniter\Boot::runCodeIgniter(Object(CodeIgniter\CodeIgniter))
 8 FCPATH/index.php(56): CodeIgniter\Boot::bootWeb(Object(Config\Paths))
 9 SYSTEMPATH/rewrite.php(44): require_once('/home/abukafa/Application/codeigniter-4.5.3/public/index.php')
INFO - 2024-07-26 21:16:04 --> Session: Class initialized using 'CodeIgniter\Session\Handlers\FileHandler' driver.
INFO - 2024-07-26 21:16:12 --> Session: Class initialized using 'CodeIgniter\Session\Handlers\FileHandler' driver.
INFO - 2024-07-26 21:16:15 --> Session: Class initialized using 'CodeIgniter\Session\Handlers\FileHandler' driver.
INFO - 2024-07-26 21:16:18 --> Session: Class initialized using 'CodeIgniter\Session\Handlers\FileHandler' driver.
INFO - 2024-07-26 21:16:28 --> Session: Class initialized using 'CodeIgniter\Session\Handlers\FileHandler' driver.
INFO - 2024-07-26 21:16:31 --> Session: Class initialized using 'CodeIgniter\Session\Handlers\FileHandler' driver.
INFO - 2024-07-26 21:16:36 --> Session: Class initialized using 'CodeIgniter\Session\Handlers\FileHandler' driver.
INFO - 2024-07-26 21:16:37 --> Session: Class initialized using 'CodeIgniter\Session\Handlers\FileHandler' driver.
CRITICAL - 2024-07-26 21:16:37 --> TypeError: CodeIgniter\Database\BaseBuilder::distinct(): Argument #1 ($val) must be of type bool, string given, called in /home/abukafa/Application/codeigniter-4.5.3/system/Model.php on line 930
[Method: GET, Route: tunjangan]
in SYSTEMPATH/Database/BaseBuilder.php on line 558.
 1 SYSTEMPATH/Model.php(930): CodeIgniter\Database\BaseBuilder->distinct('laznah')
 2 APPPATH/Controllers/RemunTunjangan.php(35): CodeIgniter\Model->__call('distinct', [...])
 3 SYSTEMPATH/CodeIgniter.php(933): App\Controllers\RemunTunjangan->index()
 4 SYSTEMPATH/CodeIgniter.php(509): CodeIgniter\CodeIgniter->runController(Object(App\Controllers\RemunTunjangan))
 5 SYSTEMPATH/CodeIgniter.php(355): CodeIgniter\CodeIgniter->handleRequest(null, Object(Config\Cache), false)
 6 SYSTEMPATH/Boot.php(325): CodeIgniter\CodeIgniter->run()
 7 SYSTEMPATH/Boot.php(67): CodeIgniter\Boot::runCodeIgniter(Object(CodeIgniter\CodeIgniter))
 8 FCPATH/index.php(56): CodeIgniter\Boot::bootWeb(Object(Config\Paths))
 9 SYSTEMPATH/rewrite.php(44): require_once('/home/abukafa/Application/codeigniter-4.5.3/public/index.php')
INFO - 2024-07-26 21:17:01 --> Session: Class initialized using 'CodeIgniter\Session\Handlers\FileHandler' driver.
INFO - 2024-07-26 21:17:06 --> Session: Class initialized using 'CodeIgniter\Session\Handlers\FileHandler' driver.
INFO - 2024-07-26 21:17:08 --> Session: Class initialized using 'CodeIgniter\Session\Handlers\FileHandler' driver.
CRITICAL - 2024-07-26 21:17:08 --> TypeError: CodeIgniter\Database\BaseBuilder::distinct(): Argument #1 ($val) must be of type bool, string given, called in /home/abukafa/Application/codeigniter-4.5.3/system/Model.php on line 930
[Method: GET, Route: potongan]
in SYSTEMPATH/Database/BaseBuilder.php on line 558.
 1 SYSTEMPATH/Model.php(930): CodeIgniter\Database\BaseBuilder->distinct('laznah')
 2 APPPATH/Controllers/RemunPotongan.php(35): CodeIgniter\Model->__call('distinct', [...])
 3 SYSTEMPATH/CodeIgniter.php(933): App\Controllers\RemunPotongan->index()
 4 SYSTEMPATH/CodeIgniter.php(509): CodeIgniter\CodeIgniter->runController(Object(App\Controllers\RemunPotongan))
 5 SYSTEMPATH/CodeIgniter.php(355): CodeIgniter\CodeIgniter->handleRequest(null, Object(Config\Cache), false)
 6 SYSTEMPATH/Boot.php(325): CodeIgniter\CodeIgniter->run()
 7 SYSTEMPATH/Boot.php(67): CodeIgniter\Boot::runCodeIgniter(Object(CodeIgniter\CodeIgniter))
 8 FCPATH/index.php(56): CodeIgniter\Boot::bootWeb(Object(Config\Paths))
 9 SYSTEMPATH/rewrite.php(44): require_once('/home/abukafa/Application/codeigniter-4.5.3/public/index.php')
INFO - 2024-07-26 21:17:20 --> Session: Class initialized using 'CodeIgniter\Session\Handlers\FileHandler' driver.
INFO - 2024-07-26 21:17:23 --> Session: Class initialized using 'CodeIgniter\Session\Handlers\FileHandler' driver.
INFO - 2024-07-26 21:17:28 --> Session: Class initialized using 'CodeIgniter\Session\Handlers\FileHandler' driver.
INFO - 2024-07-26 21:17:33 --> Session: Class initialized using 'CodeIgniter\Session\Handlers\FileHandler' driver.
INFO - 2024-07-26 21:17:35 --> Session: Class initialized using 'CodeIgniter\Session\Handlers\FileHandler' driver.
CRITICAL - 2024-07-26 21:17:35 --> TypeError: CodeIgniter\Database\BaseBuilder::where(): Argument #3 ($escape) must be of type ?bool, string given, called in /home/abukafa/Application/codeigniter-4.5.3/system/Model.php on line 930
[Method: GET, Route: proses/Jun-2024]
in SYSTEMPATH/Database/BaseBuilder.php on line 707.
 1 SYSTEMPATH/Model.php(930): CodeIgniter\Database\BaseBuilder->where('status_santri <> ', 'Suspend', 'acc', true)
 2 APPPATH/Controllers/RemunProses.php(128): CodeIgniter\Model->__call('where', [...])
 3 APPPATH/Controllers/RemunProses.php(180): App\Controllers\RemunProses->loadData('Jun-2024')
 4 SYSTEMPATH/CodeIgniter.php(933): App\Controllers\RemunProses->index('Jun-2024')
 5 SYSTEMPATH/CodeIgniter.php(509): CodeIgniter\CodeIgniter->runController(Object(App\Controllers\RemunProses))
 6 SYSTEMPATH/CodeIgniter.php(355): CodeIgniter\CodeIgniter->handleRequest(null, Object(Config\Cache), false)
 7 SYSTEMPATH/Boot.php(325): CodeIgniter\CodeIgniter->run()
 8 SYSTEMPATH/Boot.php(67): CodeIgniter\Boot::runCodeIgniter(Object(CodeIgniter\CodeIgniter))
 9 FCPATH/index.php(56): CodeIgniter\Boot::bootWeb(Object(Config\Paths))
10 SYSTEMPATH/rewrite.php(44): require_once('/home/abukafa/Application/codeigniter-4.5.3/public/index.php')
INFO - 2024-07-26 21:18:19 --> Session: Class initialized using 'CodeIgniter\Session\Handlers\FileHandler' driver.
INFO - 2024-07-26 21:18:32 --> Session: Class initialized using 'CodeIgniter\Session\Handlers\FileHandler' driver.
INFO - 2024-07-26 21:18:35 --> Session: Class initialized using 'CodeIgniter\Session\Handlers\FileHandler' driver.
INFO - 2024-07-26 21:18:38 --> Session: Class initialized using 'CodeIgniter\Session\Handlers\FileHandler' driver.
CRITICAL - 2024-07-26 21:18:42 --> CodeIgniter\View\Exceptions\ViewException: Invalid file: "errors/404.php"
[Method: GET, Route: skims]
in SYSTEMPATH/Exceptions/FrameworkException.php on line 41.
 1 SYSTEMPATH/View/View.php(222): CodeIgniter\Exceptions\FrameworkException::forInvalidFile('errors/404.php')
 2 SYSTEMPATH/Common.php(1171): CodeIgniter\View\View->render('errors/404', [], true)
 3 APPPATH/Config/Routes.php(86): view('errors/404')
 4 SYSTEMPATH/CodeIgniter.php(955): CodeIgniter\Router\RouteCollection->{closure}('Can\'t find a route for \'GET: skims\'.')
 5 SYSTEMPATH/CodeIgniter.php(364): CodeIgniter\CodeIgniter->display404errors(Object(CodeIgniter\Exceptions\PageNotFoundException))
 6 SYSTEMPATH/Boot.php(325): CodeIgniter\CodeIgniter->run()
 7 SYSTEMPATH/Boot.php(67): CodeIgniter\Boot::runCodeIgniter(Object(CodeIgniter\CodeIgniter))
 8 FCPATH/index.php(56): CodeIgniter\Boot::bootWeb(Object(Config\Paths))
 9 SYSTEMPATH/rewrite.php(44): require_once('/home/abukafa/Application/codeigniter-4.5.3/public/index.php')
CRITICAL - 2024-07-26 21:20:55 --> CodeIgniter\View\Exceptions\ViewException: Invalid file: "errors/404.php"
[Method: GET, Route: skims]
in SYSTEMPATH/Exceptions/FrameworkException.php on line 41.
 1 SYSTEMPATH/View/View.php(222): CodeIgniter\Exceptions\FrameworkException::forInvalidFile('errors/404.php')
 2 SYSTEMPATH/Common.php(1171): CodeIgniter\View\View->render('errors/404', [], true)
 3 APPPATH/Config/Routes.php(86): view('errors/404')
 4 SYSTEMPATH/CodeIgniter.php(955): CodeIgniter\Router\RouteCollection->{closure}('Can\'t find a route for \'GET: skims\'.')
 5 SYSTEMPATH/CodeIgniter.php(364): CodeIgniter\CodeIgniter->display404errors(Object(CodeIgniter\Exceptions\PageNotFoundException))
 6 SYSTEMPATH/Boot.php(325): CodeIgniter\CodeIgniter->run()
 7 SYSTEMPATH/Boot.php(67): CodeIgniter\Boot::runCodeIgniter(Object(CodeIgniter\CodeIgniter))
 8 FCPATH/index.php(56): CodeIgniter\Boot::bootWeb(Object(Config\Paths))
 9 SYSTEMPATH/rewrite.php(44): require_once('/home/abukafa/Application/codeigniter-4.5.3/public/index.php')
